------------------------------------------------

command:  statreport   --skip=10000 AlphaPVs_E5_ALL-1//C1.log AlphaPVs_E5_ALL-2//C1.log AlphaPVs_E5_ALL-3//C1.log > Results/Report


command:  trees-consensus AlphaPVs_E5_ALL-1//C1.trees AlphaPVs_E5_ALL-2//C1.trees AlphaPVs_E5_ALL-3//C1.trees  --skip=10000     --consensus=0.5:Results/c50.tree,0.66:Results/c66.tree,0.8:Results/c80.tree,0.9:Results/c90.tree,0.95:Results/c95.tree,0.99:Results/c99.tree,1:Results/c100.tree --consensus-PP=0.5:Results/c50.PP.tree,0.66:Results/c66.PP.tree,0.8:Results/c80.PP.tree,0.9:Results/c90.PP.tree,0.95:Results/c95.PP.tree,0.99:Results/c99.PP.tree,1:Results/c100.PP.tree   --support-levels=Results/c-levels.plot --map-tree=Results/MAP.tree --greedy-consensus=Results/greedy.tree --report=Results/consensus


command:  tree-mean-lengths Results/c50.tree --safe --show-node-lengths  --skip=10000   < AlphaPVs_E5_ALL-1//C1.trees > Results/c50.ltree


command:  tree-mean-lengths Results/c66.tree --safe --show-node-lengths  --skip=10000   < AlphaPVs_E5_ALL-1//C1.trees > Results/c66.ltree


command:  tree-mean-lengths Results/c80.tree --safe --show-node-lengths  --skip=10000   < AlphaPVs_E5_ALL-1//C1.trees > Results/c80.ltree


command:  tree-mean-lengths Results/c90.tree --safe --show-node-lengths  --skip=10000   < AlphaPVs_E5_ALL-1//C1.trees > Results/c90.ltree


command:  tree-mean-lengths Results/c95.tree --safe --show-node-lengths  --skip=10000   < AlphaPVs_E5_ALL-1//C1.trees > Results/c95.ltree


command:  tree-mean-lengths Results/c99.tree --safe --show-node-lengths  --skip=10000   < AlphaPVs_E5_ALL-1//C1.trees > Results/c99.ltree


command:  tree-mean-lengths Results/c100.tree --safe --show-node-lengths  --skip=10000   < AlphaPVs_E5_ALL-1//C1.trees > Results/c100.ltree


command:  cd Results ; draw-tree c50.ltree --layout=equal-daylight --no-shade

draw-tree: /lib64/libstdc++.so.6: version `GLIBCXX_3.4.20' not found (required by draw-tree)
draw-tree: /lib64/libstdc++.so.6: version `CXXABI_1.3.9' not found (required by draw-tree)
draw-tree: /lib64/libstdc++.so.6: version `GLIBCXX_3.4.21' not found (required by draw-tree)

command:  cd Results ; draw-tree c50.ltree --layout=equal-daylight --output=svg --no-shade

draw-tree: /lib64/libstdc++.so.6: version `GLIBCXX_3.4.20' not found (required by draw-tree)
draw-tree: /lib64/libstdc++.so.6: version `CXXABI_1.3.9' not found (required by draw-tree)
draw-tree: /lib64/libstdc++.so.6: version `GLIBCXX_3.4.21' not found (required by draw-tree)

command:  cd Results ; draw-tree c66.ltree --layout=equal-daylight --no-shade

draw-tree: /lib64/libstdc++.so.6: version `GLIBCXX_3.4.20' not found (required by draw-tree)
draw-tree: /lib64/libstdc++.so.6: version `CXXABI_1.3.9' not found (required by draw-tree)
draw-tree: /lib64/libstdc++.so.6: version `GLIBCXX_3.4.21' not found (required by draw-tree)

command:  cd Results ; draw-tree c66.ltree --layout=equal-daylight --output=svg --no-shade

draw-tree: /lib64/libstdc++.so.6: version `GLIBCXX_3.4.20' not found (required by draw-tree)
draw-tree: /lib64/libstdc++.so.6: version `CXXABI_1.3.9' not found (required by draw-tree)
draw-tree: /lib64/libstdc++.so.6: version `GLIBCXX_3.4.21' not found (required by draw-tree)

command:  cd Results ; draw-tree c80.ltree --layout=equal-daylight --no-shade

draw-tree: /lib64/libstdc++.so.6: version `GLIBCXX_3.4.20' not found (required by draw-tree)
draw-tree: /lib64/libstdc++.so.6: version `CXXABI_1.3.9' not found (required by draw-tree)
draw-tree: /lib64/libstdc++.so.6: version `GLIBCXX_3.4.21' not found (required by draw-tree)

command:  cd Results ; draw-tree c80.ltree --layout=equal-daylight --output=svg --no-shade

draw-tree: /lib64/libstdc++.so.6: version `GLIBCXX_3.4.20' not found (required by draw-tree)
draw-tree: /lib64/libstdc++.so.6: version `CXXABI_1.3.9' not found (required by draw-tree)
draw-tree: /lib64/libstdc++.so.6: version `GLIBCXX_3.4.21' not found (required by draw-tree)

command:  cd Results ; draw-tree c90.ltree --layout=equal-daylight --no-shade

draw-tree: /lib64/libstdc++.so.6: version `GLIBCXX_3.4.20' not found (required by draw-tree)
draw-tree: /lib64/libstdc++.so.6: version `CXXABI_1.3.9' not found (required by draw-tree)
draw-tree: /lib64/libstdc++.so.6: version `GLIBCXX_3.4.21' not found (required by draw-tree)

command:  cd Results ; draw-tree c90.ltree --layout=equal-daylight --output=svg --no-shade

draw-tree: /lib64/libstdc++.so.6: version `GLIBCXX_3.4.20' not found (required by draw-tree)
draw-tree: /lib64/libstdc++.so.6: version `CXXABI_1.3.9' not found (required by draw-tree)
draw-tree: /lib64/libstdc++.so.6: version `GLIBCXX_3.4.21' not found (required by draw-tree)

command:  cd Results ; draw-tree c95.ltree --layout=equal-daylight --no-shade

draw-tree: /lib64/libstdc++.so.6: version `GLIBCXX_3.4.20' not found (required by draw-tree)
draw-tree: /lib64/libstdc++.so.6: version `CXXABI_1.3.9' not found (required by draw-tree)
draw-tree: /lib64/libstdc++.so.6: version `GLIBCXX_3.4.21' not found (required by draw-tree)

command:  cd Results ; draw-tree c95.ltree --layout=equal-daylight --output=svg --no-shade

draw-tree: /lib64/libstdc++.so.6: version `GLIBCXX_3.4.20' not found (required by draw-tree)
draw-tree: /lib64/libstdc++.so.6: version `CXXABI_1.3.9' not found (required by draw-tree)
draw-tree: /lib64/libstdc++.so.6: version `GLIBCXX_3.4.21' not found (required by draw-tree)

command:  cd Results ; draw-tree c99.ltree --layout=equal-daylight --no-shade

draw-tree: /lib64/libstdc++.so.6: version `GLIBCXX_3.4.20' not found (required by draw-tree)
draw-tree: /lib64/libstdc++.so.6: version `CXXABI_1.3.9' not found (required by draw-tree)
draw-tree: /lib64/libstdc++.so.6: version `GLIBCXX_3.4.21' not found (required by draw-tree)

command:  cd Results ; draw-tree c99.ltree --layout=equal-daylight --output=svg --no-shade

draw-tree: /lib64/libstdc++.so.6: version `GLIBCXX_3.4.20' not found (required by draw-tree)
draw-tree: /lib64/libstdc++.so.6: version `CXXABI_1.3.9' not found (required by draw-tree)
draw-tree: /lib64/libstdc++.so.6: version `GLIBCXX_3.4.21' not found (required by draw-tree)

command:  cd Results ; draw-tree c100.ltree --layout=equal-daylight --no-shade

draw-tree: /lib64/libstdc++.so.6: version `GLIBCXX_3.4.20' not found (required by draw-tree)
draw-tree: /lib64/libstdc++.so.6: version `CXXABI_1.3.9' not found (required by draw-tree)
draw-tree: /lib64/libstdc++.so.6: version `GLIBCXX_3.4.21' not found (required by draw-tree)

command:  cd Results ; draw-tree c100.ltree --layout=equal-daylight --output=svg --no-shade

draw-tree: /lib64/libstdc++.so.6: version `GLIBCXX_3.4.20' not found (required by draw-tree)
draw-tree: /lib64/libstdc++.so.6: version `CXXABI_1.3.9' not found (required by draw-tree)
draw-tree: /lib64/libstdc++.so.6: version `GLIBCXX_3.4.21' not found (required by draw-tree)

command:  cd Results ; draw-tree greedy.tree --layout=equal-daylight --no-shade

draw-tree: /lib64/libstdc++.so.6: version `GLIBCXX_3.4.20' not found (required by draw-tree)
draw-tree: /lib64/libstdc++.so.6: version `CXXABI_1.3.9' not found (required by draw-tree)
draw-tree: /lib64/libstdc++.so.6: version `GLIBCXX_3.4.21' not found (required by draw-tree)

command:  cd Results ; draw-tree greedy.tree --layout=equal-daylight --no-shade --output=svg 

draw-tree: /lib64/libstdc++.so.6: version `GLIBCXX_3.4.20' not found (required by draw-tree)
draw-tree: /lib64/libstdc++.so.6: version `CXXABI_1.3.9' not found (required by draw-tree)
draw-tree: /lib64/libstdc++.so.6: version `GLIBCXX_3.4.21' not found (required by draw-tree)

command:  cd Results ; draw-tree MAP.tree --layout=equal-daylight --no-shade

draw-tree: /lib64/libstdc++.so.6: version `GLIBCXX_3.4.20' not found (required by draw-tree)
draw-tree: /lib64/libstdc++.so.6: version `CXXABI_1.3.9' not found (required by draw-tree)
draw-tree: /lib64/libstdc++.so.6: version `GLIBCXX_3.4.21' not found (required by draw-tree)

command:  cd Results ; draw-tree MAP.tree --layout=equal-daylight --no-shade --output=svg 

draw-tree: /lib64/libstdc++.so.6: version `GLIBCXX_3.4.20' not found (required by draw-tree)
draw-tree: /lib64/libstdc++.so.6: version `CXXABI_1.3.9' not found (required by draw-tree)
draw-tree: /lib64/libstdc++.so.6: version `GLIBCXX_3.4.21' not found (required by draw-tree)

command:  pickout --no-header --large pi < Results/consensus > Results/partitions


command:  perl -e 'while(<>) {s/$/\n/;print;}' < Results/partitions > Results/partitions.pred


command:  trees-bootstrap  AlphaPVs_E5_ALL-1//C1.trees AlphaPVs_E5_ALL-2//C1.trees AlphaPVs_E5_ALL-3//C1.trees --skip=10000  --pred Results/partitions.pred --LOD-table=Results/LOD-table --pseudocount 1 > Results/partitions.bs

trees-bootstrap: /lib64/libstdc++.so.6: version `GLIBCXX_3.4.20' not found (required by trees-bootstrap)
trees-bootstrap: /lib64/libstdc++.so.6: version `CXXABI_1.3.9' not found (required by trees-bootstrap)
trees-bootstrap: /lib64/libstdc++.so.6: version `GLIBCXX_3.4.21' not found (required by trees-bootstrap)

command:  R --slave --vanilla --args Results/LOD-table Results/convergence-PP.pdf < /usr/local/bioinfo/src/BAli-Phy/bali-phy-3.3/lib/bali-phy/libexec//compare-runs.R

Error in file(file, "rt") : cannot open the connection
Calls: read.table -> file
In addition: Warning message:
In file(file, "rt") :
  cannot open file 'Results/LOD-table': No such file or directory
Execution halted

command:  R --slave --vanilla --args Results/LOD-table Results/convergence1-PP.svg Results/convergence2-PP.svg < /usr/local/bioinfo/src/BAli-Phy/bali-phy-3.3/lib/bali-phy/libexec//compare-runs2.R

Error in file(file, "rt") : cannot open the connection
Calls: read.table -> file
In addition: Warning message:
In file(file, "rt") :
  cannot open file 'Results/LOD-table': No such file or directory
Execution halted

command:  trees-to-SRQ Results/partitions.pred  --skip=10000  --max-points=1000 < AlphaPVs_E5_ALL-1//C1.trees > Results/partitions.SRQ


command:  trees-to-SRQ Results/c50.tree   --skip=10000 --max-points=1000 < AlphaPVs_E5_ALL-1//C1.trees > Results/c50.SRQ


command:  trees-distances matrix --max=400 --jitter=0.3   --skip=10000 AlphaPVs_E5_ALL-1//C1.trees AlphaPVs_E5_ALL-2//C1.trees AlphaPVs_E5_ALL-3//C1.trees > Results/tree-1-2-3.M


command:  R --slave --vanilla --args 400 400 400 Results/tree-1-2-3.M Results/tree-1-2-3.svg < /usr/local/bioinfo/src/BAli-Phy/bali-phy-3.3/lib/bali-phy/libexec//tree-plot3.R


command:  R --slave --vanilla --args 400 400 400 Results/tree-1-2-3.M < /usr/local/bioinfo/src/BAli-Phy/bali-phy-3.3/lib/bali-phy/libexec//tree-plot3-3D.R


command:  cp AlphaPVs_E5_ALL-1//C1.P1.initial.fasta Results/Work/C1.P1.initial-unordered.fasta


command:  cut-range --skip=10000  < AlphaPVs_E5_ALL-1//C1.P1.fastas | alignment-chop-internal --tree=Results/MAP.tree | alignment-max> Results/Work/P1-max-unordered.fasta


command:  alignment-cat Results/Work/C1.P1.initial-unordered.fasta --reorder-by-tree=Results/c50.tree > Results/C1.P1.initial.fasta


command:  alignment-draw Results/C1.P1.initial.fasta --show-ruler --color-scheme=DNA+contrast > Results/C1.P1.initial.html 2>/dev/null


command:  alignment-draw Results/C1.P1.initial.fasta --show-ruler --color-scheme=AA+contrast > Results/C1.P1.initial.html

alignment-draw: /lib64/libstdc++.so.6: version `GLIBCXX_3.4.20' not found (required by alignment-draw)
alignment-draw: /lib64/libstdc++.so.6: version `CXXABI_1.3.8' not found (required by alignment-draw)
alignment-draw: /lib64/libstdc++.so.6: version `CXXABI_1.3.9' not found (required by alignment-draw)
alignment-draw: /lib64/libstdc++.so.6: version `GLIBCXX_3.4.21' not found (required by alignment-draw)

command:  alignment-cat Results/Work/P1-max-unordered.fasta --reorder-by-tree=Results/c50.tree > Results/P1-max.fasta


command:  alignment-draw Results/P1-max.fasta --show-ruler --color-scheme=DNA+contrast > Results/P1-max.html 2>/dev/null


command:  alignment-draw Results/P1-max.fasta --show-ruler --color-scheme=AA+contrast > Results/P1-max.html

alignment-draw: /lib64/libstdc++.so.6: version `GLIBCXX_3.4.20' not found (required by alignment-draw)
alignment-draw: /lib64/libstdc++.so.6: version `CXXABI_1.3.8' not found (required by alignment-draw)
alignment-draw: /lib64/libstdc++.so.6: version `CXXABI_1.3.9' not found (required by alignment-draw)
alignment-draw: /lib64/libstdc++.so.6: version `GLIBCXX_3.4.21' not found (required by alignment-draw)

command:  alignments-diff Results/C1.P1.initial.fasta Results/P1-max.fasta > Results/C1.P1.initial-diff.AU


command:  alignment-draw Results/C1.P1.initial.fasta --scale=identity --AU Results/C1.P1.initial-diff.AU --show-ruler --color-scheme=diff[1]+contrast > Results/C1.P1.initial-diff.html

alignment-draw: /lib64/libstdc++.so.6: version `GLIBCXX_3.4.20' not found (required by alignment-draw)
alignment-draw: /lib64/libstdc++.so.6: version `CXXABI_1.3.8' not found (required by alignment-draw)
alignment-draw: /lib64/libstdc++.so.6: version `CXXABI_1.3.9' not found (required by alignment-draw)
alignment-draw: /lib64/libstdc++.so.6: version `GLIBCXX_3.4.21' not found (required by alignment-draw)

command:  cut-range --skip=10000  < AlphaPVs_E5_ALL-1//C1.P1.fastas | alignment-chop-internal --tree=Results/MAP.tree | alignment-gild Results/P1-max.fasta Results/MAP.tree --max-alignments=500 > Results/P1-max-AU.prob


command:  alignment-draw Results/P1-max.fasta --show-ruler --AU Results/P1-max-AU.prob --color-scheme=DNA+contrast+fade+fade+fade+fade > Results/P1-max-AU.html 2>/dev/null


command:  alignment-draw Results/P1-max.fasta --show-ruler --AU Results/P1-max-AU.prob --color-scheme=AA+contrast+fade+fade+fade+fade > Results/P1-max-AU.html

alignment-draw: /lib64/libstdc++.so.6: version `GLIBCXX_3.4.20' not found (required by alignment-draw)
alignment-draw: /lib64/libstdc++.so.6: version `CXXABI_1.3.8' not found (required by alignment-draw)
alignment-draw: /lib64/libstdc++.so.6: version `CXXABI_1.3.9' not found (required by alignment-draw)
alignment-draw: /lib64/libstdc++.so.6: version `GLIBCXX_3.4.21' not found (required by alignment-draw)

command:  stats-select likelihood --no-header < AlphaPVs_E5_ALL-1//C1.log | tail -n+10000 | model_P > Results/Pmarg


command:  pickout n_topologies -n < Results/consensus


command:  pickout -n Ne < Results/partitions.bs


command:  pickout -n 'min Ne' < Results/partitions.bs

